f:\hername\l2d\cubismsdkfornative-4-r.7\cubismsdkfornative-4-r.7\samples\opengl\demo\proj.win.cmake\build\proj_msvc2019_x64_mt\glfw\src\debug\glfw3.pdb
f:\hername\l2d\cubismsdkfornative-4-r.7\cubismsdkfornative-4-r.7\samples\opengl\demo\proj.win.cmake\build\proj_msvc2019_x64_mt\glfw\src\glfw.dir\debug\osmesa_context.obj
f:\hername\l2d\cubismsdkfornative-4-r.7\cubismsdkfornative-4-r.7\samples\opengl\demo\proj.win.cmake\build\proj_msvc2019_x64_mt\glfw\src\glfw.dir\debug\egl_context.obj
f:\hername\l2d\cubismsdkfornative-4-r.7\cubismsdkfornative-4-r.7\samples\opengl\demo\proj.win.cmake\build\proj_msvc2019_x64_mt\glfw\src\glfw.dir\debug\wgl_context.obj
f:\hername\l2d\cubismsdkfornative-4-r.7\cubismsdkfornative-4-r.7\samples\opengl\demo\proj.win.cmake\build\proj_msvc2019_x64_mt\glfw\src\glfw.dir\debug\win32_window.obj
f:\hername\l2d\cubismsdkfornative-4-r.7\cubismsdkfornative-4-r.7\samples\opengl\demo\proj.win.cmake\build\proj_msvc2019_x64_mt\glfw\src\glfw.dir\debug\win32_thread.obj
f:\hername\l2d\cubismsdkfornative-4-r.7\cubismsdkfornative-4-r.7\samples\opengl\demo\proj.win.cmake\build\proj_msvc2019_x64_mt\glfw\src\glfw.dir\debug\win32_time.obj
f:\hername\l2d\cubismsdkfornative-4-r.7\cubismsdkfornative-4-r.7\samples\opengl\demo\proj.win.cmake\build\proj_msvc2019_x64_mt\glfw\src\glfw.dir\debug\win32_monitor.obj
f:\hername\l2d\cubismsdkfornative-4-r.7\cubismsdkfornative-4-r.7\samples\opengl\demo\proj.win.cmake\build\proj_msvc2019_x64_mt\glfw\src\glfw.dir\debug\win32_joystick.obj
f:\hername\l2d\cubismsdkfornative-4-r.7\cubismsdkfornative-4-r.7\samples\opengl\demo\proj.win.cmake\build\proj_msvc2019_x64_mt\glfw\src\glfw.dir\debug\win32_init.obj
f:\hername\l2d\cubismsdkfornative-4-r.7\cubismsdkfornative-4-r.7\samples\opengl\demo\proj.win.cmake\build\proj_msvc2019_x64_mt\glfw\src\glfw.dir\debug\window.obj
f:\hername\l2d\cubismsdkfornative-4-r.7\cubismsdkfornative-4-r.7\samples\opengl\demo\proj.win.cmake\build\proj_msvc2019_x64_mt\glfw\src\glfw.dir\debug\vulkan.obj
f:\hername\l2d\cubismsdkfornative-4-r.7\cubismsdkfornative-4-r.7\samples\opengl\demo\proj.win.cmake\build\proj_msvc2019_x64_mt\glfw\src\glfw.dir\debug\monitor.obj
f:\hername\l2d\cubismsdkfornative-4-r.7\cubismsdkfornative-4-r.7\samples\opengl\demo\proj.win.cmake\build\proj_msvc2019_x64_mt\glfw\src\glfw.dir\debug\input.obj
f:\hername\l2d\cubismsdkfornative-4-r.7\cubismsdkfornative-4-r.7\samples\opengl\demo\proj.win.cmake\build\proj_msvc2019_x64_mt\glfw\src\glfw.dir\debug\init.obj
f:\hername\l2d\cubismsdkfornative-4-r.7\cubismsdkfornative-4-r.7\samples\opengl\demo\proj.win.cmake\build\proj_msvc2019_x64_mt\glfw\src\glfw.dir\debug\context.obj
f:\hername\l2d\cubismsdkfornative-4-r.7\cubismsdkfornative-4-r.7\samples\opengl\demo\proj.win.cmake\build\proj_msvc2019_x64_mt\glfw\src\debug\glfw3.lib
f:\hername\l2d\cubismsdkfornative-4-r.7\cubismsdkfornative-4-r.7\samples\opengl\demo\proj.win.cmake\build\proj_msvc2019_x64_mt\glfw\src\glfw.dir\debug\glfw.tlog\cl.command.1.tlog
f:\hername\l2d\cubismsdkfornative-4-r.7\cubismsdkfornative-4-r.7\samples\opengl\demo\proj.win.cmake\build\proj_msvc2019_x64_mt\glfw\src\glfw.dir\debug\glfw.tlog\cl.read.1.tlog
f:\hername\l2d\cubismsdkfornative-4-r.7\cubismsdkfornative-4-r.7\samples\opengl\demo\proj.win.cmake\build\proj_msvc2019_x64_mt\glfw\src\glfw.dir\debug\glfw.tlog\cl.write.1.tlog
f:\hername\l2d\cubismsdkfornative-4-r.7\cubismsdkfornative-4-r.7\samples\opengl\demo\proj.win.cmake\build\proj_msvc2019_x64_mt\glfw\src\glfw.dir\debug\glfw.tlog\lib-link.read.1.tlog
f:\hername\l2d\cubismsdkfornative-4-r.7\cubismsdkfornative-4-r.7\samples\opengl\demo\proj.win.cmake\build\proj_msvc2019_x64_mt\glfw\src\glfw.dir\debug\glfw.tlog\lib-link.write.1.tlog
f:\hername\l2d\cubismsdkfornative-4-r.7\cubismsdkfornative-4-r.7\samples\opengl\demo\proj.win.cmake\build\proj_msvc2019_x64_mt\glfw\src\glfw.dir\debug\glfw.tlog\lib.command.1.tlog
