f:\hername\l2d\cubismsdkfornative-4-r.7\cubismsdkfornative-4-r.7\samples\opengl\demo\proj.win.cmake\build\proj_msvc2019_x64_mt\framework\debug\framework.pdb
f:\hername\l2d\cubismsdkfornative-4-r.7\cubismsdkfornative-4-r.7\samples\opengl\demo\proj.win.cmake\build\proj_msvc2019_x64_mt\framework\framework.dir\debug\cubismusermodel.obj
f:\hername\l2d\cubismsdkfornative-4-r.7\cubismsdkfornative-4-r.7\samples\opengl\demo\proj.win.cmake\build\proj_msvc2019_x64_mt\framework\framework.dir\debug\cubismmodeluserdatajson.obj
f:\hername\l2d\cubismsdkfornative-4-r.7\cubismsdkfornative-4-r.7\samples\opengl\demo\proj.win.cmake\build\proj_msvc2019_x64_mt\framework\framework.dir\debug\cubismmodeluserdata.obj
f:\hername\l2d\cubismsdkfornative-4-r.7\cubismsdkfornative-4-r.7\samples\opengl\demo\proj.win.cmake\build\proj_msvc2019_x64_mt\framework\framework.dir\debug\cubismmodel.obj
f:\hername\l2d\cubismsdkfornative-4-r.7\cubismsdkfornative-4-r.7\samples\opengl\demo\proj.win.cmake\build\proj_msvc2019_x64_mt\framework\framework.dir\debug\cubismmoc.obj
f:\hername\l2d\cubismsdkfornative-4-r.7\cubismsdkfornative-4-r.7\samples\opengl\demo\proj.win.cmake\build\proj_msvc2019_x64_mt\framework\framework.dir\debug\cubismviewmatrix.obj
f:\hername\l2d\cubismsdkfornative-4-r.7\cubismsdkfornative-4-r.7\samples\opengl\demo\proj.win.cmake\build\proj_msvc2019_x64_mt\framework\framework.dir\debug\cubismvector2.obj
f:\hername\l2d\cubismsdkfornative-4-r.7\cubismsdkfornative-4-r.7\samples\opengl\demo\proj.win.cmake\build\proj_msvc2019_x64_mt\framework\framework.dir\debug\cubismtargetpoint.obj
f:\hername\l2d\cubismsdkfornative-4-r.7\cubismsdkfornative-4-r.7\samples\opengl\demo\proj.win.cmake\build\proj_msvc2019_x64_mt\framework\framework.dir\debug\cubismmodelmatrix.obj
f:\hername\l2d\cubismsdkfornative-4-r.7\cubismsdkfornative-4-r.7\samples\opengl\demo\proj.win.cmake\build\proj_msvc2019_x64_mt\framework\framework.dir\debug\cubismmatrix44.obj
f:\hername\l2d\cubismsdkfornative-4-r.7\cubismsdkfornative-4-r.7\samples\opengl\demo\proj.win.cmake\build\proj_msvc2019_x64_mt\framework\framework.dir\debug\cubismmath.obj
f:\hername\l2d\cubismsdkfornative-4-r.7\cubismsdkfornative-4-r.7\samples\opengl\demo\proj.win.cmake\build\proj_msvc2019_x64_mt\framework\framework.dir\debug\cubismidmanager.obj
f:\hername\l2d\cubismsdkfornative-4-r.7\cubismsdkfornative-4-r.7\samples\opengl\demo\proj.win.cmake\build\proj_msvc2019_x64_mt\framework\framework.dir\debug\cubismid.obj
f:\hername\l2d\cubismsdkfornative-4-r.7\cubismsdkfornative-4-r.7\samples\opengl\demo\proj.win.cmake\build\proj_msvc2019_x64_mt\framework\framework.dir\debug\cubismpose.obj
f:\hername\l2d\cubismsdkfornative-4-r.7\cubismsdkfornative-4-r.7\samples\opengl\demo\proj.win.cmake\build\proj_msvc2019_x64_mt\framework\framework.dir\debug\cubismeyeblink.obj
f:\hername\l2d\cubismsdkfornative-4-r.7\cubismsdkfornative-4-r.7\samples\opengl\demo\proj.win.cmake\build\proj_msvc2019_x64_mt\framework\framework.dir\debug\cubismbreath.obj
f:\hername\l2d\cubismsdkfornative-4-r.7\cubismsdkfornative-4-r.7\samples\opengl\demo\proj.win.cmake\build\proj_msvc2019_x64_mt\framework\framework.dir\debug\cubismmodelsettingjson.obj
f:\hername\l2d\cubismsdkfornative-4-r.7\cubismsdkfornative-4-r.7\samples\opengl\demo\proj.win.cmake\build\proj_msvc2019_x64_mt\framework\framework.dir\debug\cubismframework.obj
f:\hername\l2d\cubismsdkfornative-4-r.7\cubismsdkfornative-4-r.7\samples\opengl\demo\proj.win.cmake\build\proj_msvc2019_x64_mt\framework\framework.dir\debug\cubismdefaultparameterid.obj
f:\hername\l2d\cubismsdkfornative-4-r.7\cubismsdkfornative-4-r.7\samples\opengl\demo\proj.win.cmake\build\proj_msvc2019_x64_mt\framework\framework.dir\debug\cubismcdijson.obj
f:\hername\l2d\cubismsdkfornative-4-r.7\cubismsdkfornative-4-r.7\samples\opengl\demo\proj.win.cmake\build\proj_msvc2019_x64_mt\framework\framework.dir\debug\cubismstring.obj
f:\hername\l2d\cubismsdkfornative-4-r.7\cubismsdkfornative-4-r.7\samples\opengl\demo\proj.win.cmake\build\proj_msvc2019_x64_mt\framework\framework.dir\debug\cubismjson.obj
f:\hername\l2d\cubismsdkfornative-4-r.7\cubismsdkfornative-4-r.7\samples\opengl\demo\proj.win.cmake\build\proj_msvc2019_x64_mt\framework\framework.dir\debug\cubismdebug.obj
f:\hername\l2d\cubismsdkfornative-4-r.7\cubismsdkfornative-4-r.7\samples\opengl\demo\proj.win.cmake\build\proj_msvc2019_x64_mt\framework\framework.dir\debug\csmstring.obj
f:\hername\l2d\cubismsdkfornative-4-r.7\cubismsdkfornative-4-r.7\samples\opengl\demo\proj.win.cmake\build\proj_msvc2019_x64_mt\framework\framework.dir\debug\csmrectf.obj
f:\hername\l2d\cubismsdkfornative-4-r.7\cubismsdkfornative-4-r.7\samples\opengl\demo\proj.win.cmake\build\proj_msvc2019_x64_mt\framework\framework.dir\debug\cubismrenderer_opengles2.obj
f:\hername\l2d\cubismsdkfornative-4-r.7\cubismsdkfornative-4-r.7\samples\opengl\demo\proj.win.cmake\build\proj_msvc2019_x64_mt\framework\framework.dir\debug\cubismoffscreensurface_opengles2.obj
f:\hername\l2d\cubismsdkfornative-4-r.7\cubismsdkfornative-4-r.7\samples\opengl\demo\proj.win.cmake\build\proj_msvc2019_x64_mt\framework\framework.dir\debug\cubismrenderer.obj
f:\hername\l2d\cubismsdkfornative-4-r.7\cubismsdkfornative-4-r.7\samples\opengl\demo\proj.win.cmake\build\proj_msvc2019_x64_mt\framework\framework.dir\debug\cubismphysicsjson.obj
f:\hername\l2d\cubismsdkfornative-4-r.7\cubismsdkfornative-4-r.7\samples\opengl\demo\proj.win.cmake\build\proj_msvc2019_x64_mt\framework\framework.dir\debug\cubismphysics.obj
f:\hername\l2d\cubismsdkfornative-4-r.7\cubismsdkfornative-4-r.7\samples\opengl\demo\proj.win.cmake\build\proj_msvc2019_x64_mt\framework\framework.dir\debug\cubismmotionqueuemanager.obj
f:\hername\l2d\cubismsdkfornative-4-r.7\cubismsdkfornative-4-r.7\samples\opengl\demo\proj.win.cmake\build\proj_msvc2019_x64_mt\framework\framework.dir\debug\cubismmotionqueueentry.obj
f:\hername\l2d\cubismsdkfornative-4-r.7\cubismsdkfornative-4-r.7\samples\opengl\demo\proj.win.cmake\build\proj_msvc2019_x64_mt\framework\framework.dir\debug\cubismmotionmanager.obj
f:\hername\l2d\cubismsdkfornative-4-r.7\cubismsdkfornative-4-r.7\samples\opengl\demo\proj.win.cmake\build\proj_msvc2019_x64_mt\framework\framework.dir\debug\cubismmotionjson.obj
f:\hername\l2d\cubismsdkfornative-4-r.7\cubismsdkfornative-4-r.7\samples\opengl\demo\proj.win.cmake\build\proj_msvc2019_x64_mt\framework\framework.dir\debug\cubismmotion.obj
f:\hername\l2d\cubismsdkfornative-4-r.7\cubismsdkfornative-4-r.7\samples\opengl\demo\proj.win.cmake\build\proj_msvc2019_x64_mt\framework\framework.dir\debug\cubismexpressionmotion.obj
f:\hername\l2d\cubismsdkfornative-4-r.7\cubismsdkfornative-4-r.7\samples\opengl\demo\proj.win.cmake\build\proj_msvc2019_x64_mt\framework\framework.dir\debug\acubismmotion.obj
f:\hername\l2d\cubismsdkfornative-4-r.7\cubismsdkfornative-4-r.7\samples\opengl\demo\proj.win.cmake\build\proj_msvc2019_x64_mt\framework\debug\framework.lib
f:\hername\l2d\cubismsdkfornative-4-r.7\cubismsdkfornative-4-r.7\samples\opengl\demo\proj.win.cmake\build\proj_msvc2019_x64_mt\framework\framework.dir\debug\framework.tlog\cl.command.1.tlog
f:\hername\l2d\cubismsdkfornative-4-r.7\cubismsdkfornative-4-r.7\samples\opengl\demo\proj.win.cmake\build\proj_msvc2019_x64_mt\framework\framework.dir\debug\framework.tlog\cl.read.1.tlog
f:\hername\l2d\cubismsdkfornative-4-r.7\cubismsdkfornative-4-r.7\samples\opengl\demo\proj.win.cmake\build\proj_msvc2019_x64_mt\framework\framework.dir\debug\framework.tlog\cl.write.1.tlog
f:\hername\l2d\cubismsdkfornative-4-r.7\cubismsdkfornative-4-r.7\samples\opengl\demo\proj.win.cmake\build\proj_msvc2019_x64_mt\framework\framework.dir\debug\framework.tlog\lib.command.1.tlog
f:\hername\l2d\cubismsdkfornative-4-r.7\cubismsdkfornative-4-r.7\samples\opengl\demo\proj.win.cmake\build\proj_msvc2019_x64_mt\framework\framework.dir\debug\framework.tlog\lib.read.2.tlog
f:\hername\l2d\cubismsdkfornative-4-r.7\cubismsdkfornative-4-r.7\samples\opengl\demo\proj.win.cmake\build\proj_msvc2019_x64_mt\framework\framework.dir\debug\framework.tlog\lib.write.3.tlog
