f:\hername\l2d\cubismsdkfornative-4-r.7\cubismsdkfornative-4-r.7\samples\opengl\demo\proj.win.cmake\build\proj_msvc2019_x64_mt\demo.dir\debug\lappsprite.obj
f:\hername\l2d\cubismsdkfornative-4-r.7\cubismsdkfornative-4-r.7\samples\opengl\demo\proj.win.cmake\build\proj_msvc2019_x64_mt\demo.dir\debug\l2d_jni_wrapper.obj
f:\hername\l2d\cubismsdkfornative-4-r.7\cubismsdkfornative-4-r.7\samples\opengl\demo\proj.win.cmake\build\proj_msvc2019_x64_mt\demo.dir\debug\lappallocator.obj
f:\hername\l2d\cubismsdkfornative-4-r.7\cubismsdkfornative-4-r.7\samples\opengl\demo\proj.win.cmake\build\proj_msvc2019_x64_mt\demo.dir\debug\lappview.obj
f:\hername\l2d\cubismsdkfornative-4-r.7\cubismsdkfornative-4-r.7\samples\opengl\demo\proj.win.cmake\build\proj_msvc2019_x64_mt\demo.dir\debug\lappwavfilehandler.obj
f:\hername\l2d\cubismsdkfornative-4-r.7\cubismsdkfornative-4-r.7\samples\opengl\demo\proj.win.cmake\build\proj_msvc2019_x64_mt\demo.dir\debug\lapplive2dmanager.obj
f:\hername\l2d\cubismsdkfornative-4-r.7\cubismsdkfornative-4-r.7\samples\opengl\demo\proj.win.cmake\build\proj_msvc2019_x64_mt\demo.dir\debug\lappmodel.obj
f:\hername\l2d\cubismsdkfornative-4-r.7\cubismsdkfornative-4-r.7\samples\opengl\demo\proj.win.cmake\build\proj_msvc2019_x64_mt\demo.dir\debug\touchmanager.obj
f:\hername\l2d\cubismsdkfornative-4-r.7\cubismsdkfornative-4-r.7\samples\opengl\demo\proj.win.cmake\build\proj_msvc2019_x64_mt\demo.dir\debug\lappdelegate.obj
f:\hername\l2d\cubismsdkfornative-4-r.7\cubismsdkfornative-4-r.7\samples\opengl\demo\proj.win.cmake\build\proj_msvc2019_x64_mt\demo.dir\debug\lapptexturemanager.obj
f:\hername\l2d\cubismsdkfornative-4-r.7\cubismsdkfornative-4-r.7\samples\opengl\demo\proj.win.cmake\build\proj_msvc2019_x64_mt\demo.dir\debug\dllmain.obj
f:\hername\l2d\cubismsdkfornative-4-r.7\cubismsdkfornative-4-r.7\samples\opengl\demo\proj.win.cmake\build\proj_msvc2019_x64_mt\demo.dir\debug\main.obj
f:\hername\l2d\cubismsdkfornative-4-r.7\cubismsdkfornative-4-r.7\samples\opengl\demo\proj.win.cmake\build\proj_msvc2019_x64_mt\demo.dir\debug\lappdefine.obj
f:\hername\l2d\cubismsdkfornative-4-r.7\cubismsdkfornative-4-r.7\samples\opengl\demo\proj.win.cmake\build\proj_msvc2019_x64_mt\demo.dir\debug\lapppal.obj
f:\hername\l2d\cubismsdkfornative-4-r.7\cubismsdkfornative-4-r.7\samples\opengl\demo\proj.win.cmake\build\proj_msvc2019_x64_mt\demo.dir\debug\vc142.pdb
f:\hername\l2d\cubismsdkfornative-4-r.7\cubismsdkfornative-4-r.7\samples\opengl\demo\proj.win.cmake\build\proj_msvc2019_x64_mt\debug\demo.lib
f:\hername\l2d\cubismsdkfornative-4-r.7\cubismsdkfornative-4-r.7\samples\opengl\demo\proj.win.cmake\build\proj_msvc2019_x64_mt\debug\demo.exp
f:\hername\l2d\cubismsdkfornative-4-r.7\cubismsdkfornative-4-r.7\samples\opengl\demo\proj.win.cmake\build\proj_msvc2019_x64_mt\demo.dir\debug\demo.ilk
f:\hername\l2d\cubismsdkfornative-4-r.7\cubismsdkfornative-4-r.7\samples\opengl\demo\proj.win.cmake\build\proj_msvc2019_x64_mt\bin\demo\debug\demo.dll
f:\hername\l2d\cubismsdkfornative-4-r.7\cubismsdkfornative-4-r.7\samples\opengl\demo\proj.win.cmake\build\proj_msvc2019_x64_mt\bin\demo\debug\demo.pdb
f:\hername\l2d\cubismsdkfornative-4-r.7\cubismsdkfornative-4-r.7\samples\opengl\demo\proj.win.cmake\build\proj_msvc2019_x64_mt\demo.dir\debug\demo.tlog\cl.10328.write.1.tlog
f:\hername\l2d\cubismsdkfornative-4-r.7\cubismsdkfornative-4-r.7\samples\opengl\demo\proj.win.cmake\build\proj_msvc2019_x64_mt\demo.dir\debug\demo.tlog\cl.command.1.tlog
f:\hername\l2d\cubismsdkfornative-4-r.7\cubismsdkfornative-4-r.7\samples\opengl\demo\proj.win.cmake\build\proj_msvc2019_x64_mt\demo.dir\debug\demo.tlog\cl.read.1.tlog
f:\hername\l2d\cubismsdkfornative-4-r.7\cubismsdkfornative-4-r.7\samples\opengl\demo\proj.win.cmake\build\proj_msvc2019_x64_mt\demo.dir\debug\demo.tlog\demo.write.1u.tlog
f:\hername\l2d\cubismsdkfornative-4-r.7\cubismsdkfornative-4-r.7\samples\opengl\demo\proj.win.cmake\build\proj_msvc2019_x64_mt\demo.dir\debug\demo.tlog\link.command.1.tlog
f:\hername\l2d\cubismsdkfornative-4-r.7\cubismsdkfornative-4-r.7\samples\opengl\demo\proj.win.cmake\build\proj_msvc2019_x64_mt\demo.dir\debug\demo.tlog\link.read.1.tlog
f:\hername\l2d\cubismsdkfornative-4-r.7\cubismsdkfornative-4-r.7\samples\opengl\demo\proj.win.cmake\build\proj_msvc2019_x64_mt\demo.dir\debug\demo.tlog\link.write.1.tlog
